Determining if the function _snprintf exists failed with the following output:
Change Dir: /home/espandis/Projects/friendup/libs-ext/libwebsockets/CMakeFiles/CMakeTmp

Run Build Command:"/usr/bin/make" "cmTC_f3eb3/fast"
make[1]: Entering directory '/home/espandis/Projects/friendup/libs-ext/libwebsockets/CMakeFiles/CMakeTmp'
/usr/bin/make -f CMakeFiles/cmTC_f3eb3.dir/build.make CMakeFiles/cmTC_f3eb3.dir/build
make[2]: Entering directory '/home/espandis/Projects/friendup/libs-ext/libwebsockets/CMakeFiles/CMakeTmp'
Building C object CMakeFiles/cmTC_f3eb3.dir/CheckFunctionExists.c.o
/usr/bin/cc  -DKEYWORD=__inline  -DCHECK_FUNCTION_EXISTS=_snprintf   -o CMakeFiles/cmTC_f3eb3.dir/CheckFunctionExists.c.o   -c /usr/share/cmake-3.5/Modules/CheckFunctionExists.c
Linking C executable cmTC_f3eb3
/usr/bin/cmake -E cmake_link_script CMakeFiles/cmTC_f3eb3.dir/link.txt --verbose=1
/usr/bin/cc   -DCHECK_FUNCTION_EXISTS=_snprintf    CMakeFiles/cmTC_f3eb3.dir/CheckFunctionExists.c.o  -o cmTC_f3eb3 -rdynamic 
CMakeFiles/cmTC_f3eb3.dir/CheckFunctionExists.c.o: In function `main':
CheckFunctionExists.c:(.text+0x12): undefined reference to `_snprintf'
collect2: error: ld returned 1 exit status
CMakeFiles/cmTC_f3eb3.dir/build.make:97: recipe for target 'cmTC_f3eb3' failed
make[2]: *** [cmTC_f3eb3] Error 1
make[2]: Leaving directory '/home/espandis/Projects/friendup/libs-ext/libwebsockets/CMakeFiles/CMakeTmp'
Makefile:126: recipe for target 'cmTC_f3eb3/fast' failed
make[1]: *** [cmTC_f3eb3/fast] Error 2
make[1]: Leaving directory '/home/espandis/Projects/friendup/libs-ext/libwebsockets/CMakeFiles/CMakeTmp'


Determining if the function _vsnprintf exists failed with the following output:
Change Dir: /home/espandis/Projects/friendup/libs-ext/libwebsockets/CMakeFiles/CMakeTmp

Run Build Command:"/usr/bin/make" "cmTC_11e35/fast"
make[1]: Entering directory '/home/espandis/Projects/friendup/libs-ext/libwebsockets/CMakeFiles/CMakeTmp'
/usr/bin/make -f CMakeFiles/cmTC_11e35.dir/build.make CMakeFiles/cmTC_11e35.dir/build
make[2]: Entering directory '/home/espandis/Projects/friendup/libs-ext/libwebsockets/CMakeFiles/CMakeTmp'
Building C object CMakeFiles/cmTC_11e35.dir/CheckFunctionExists.c.o
/usr/bin/cc  -DKEYWORD=__inline  -DCHECK_FUNCTION_EXISTS=_vsnprintf   -o CMakeFiles/cmTC_11e35.dir/CheckFunctionExists.c.o   -c /usr/share/cmake-3.5/Modules/CheckFunctionExists.c
Linking C executable cmTC_11e35
/usr/bin/cmake -E cmake_link_script CMakeFiles/cmTC_11e35.dir/link.txt --verbose=1
/usr/bin/cc   -DCHECK_FUNCTION_EXISTS=_vsnprintf    CMakeFiles/cmTC_11e35.dir/CheckFunctionExists.c.o  -o cmTC_11e35 -rdynamic 
CMakeFiles/cmTC_11e35.dir/CheckFunctionExists.c.o: In function `main':
CheckFunctionExists.c:(.text+0x12): undefined reference to `_vsnprintf'
collect2: error: ld returned 1 exit status
CMakeFiles/cmTC_11e35.dir/build.make:97: recipe for target 'cmTC_11e35' failed
make[2]: *** [cmTC_11e35] Error 1
make[2]: Leaving directory '/home/espandis/Projects/friendup/libs-ext/libwebsockets/CMakeFiles/CMakeTmp'
Makefile:126: recipe for target 'cmTC_11e35/fast' failed
make[1]: *** [cmTC_11e35/fast] Error 2
make[1]: Leaving directory '/home/espandis/Projects/friendup/libs-ext/libwebsockets/CMakeFiles/CMakeTmp'


Determining if the include file in6addr.h exists failed with the following output:
Change Dir: /home/espandis/Projects/friendup/libs-ext/libwebsockets/CMakeFiles/CMakeTmp

Run Build Command:"/usr/bin/make" "cmTC_5551c/fast"
make[1]: Entering directory '/home/espandis/Projects/friendup/libs-ext/libwebsockets/CMakeFiles/CMakeTmp'
/usr/bin/make -f CMakeFiles/cmTC_5551c.dir/build.make CMakeFiles/cmTC_5551c.dir/build
make[2]: Entering directory '/home/espandis/Projects/friendup/libs-ext/libwebsockets/CMakeFiles/CMakeTmp'
Building C object CMakeFiles/cmTC_5551c.dir/CheckIncludeFile.c.o
/usr/bin/cc  -DKEYWORD=__inline   -o CMakeFiles/cmTC_5551c.dir/CheckIncludeFile.c.o   -c /home/espandis/Projects/friendup/libs-ext/libwebsockets/CMakeFiles/CMakeTmp/CheckIncludeFile.c
/home/espandis/Projects/friendup/libs-ext/libwebsockets/CMakeFiles/CMakeTmp/CheckIncludeFile.c:1:21: fatal error: in6addr.h: No such file or directory
compilation terminated.
CMakeFiles/cmTC_5551c.dir/build.make:65: recipe for target 'CMakeFiles/cmTC_5551c.dir/CheckIncludeFile.c.o' failed
make[2]: *** [CMakeFiles/cmTC_5551c.dir/CheckIncludeFile.c.o] Error 1
make[2]: Leaving directory '/home/espandis/Projects/friendup/libs-ext/libwebsockets/CMakeFiles/CMakeTmp'
Makefile:126: recipe for target 'cmTC_5551c/fast' failed
make[1]: *** [cmTC_5551c/fast] Error 2
make[1]: Leaving directory '/home/espandis/Projects/friendup/libs-ext/libwebsockets/CMakeFiles/CMakeTmp'


Determining if the include file sys/sockio.h exists failed with the following output:
Change Dir: /home/espandis/Projects/friendup/libs-ext/libwebsockets/CMakeFiles/CMakeTmp

Run Build Command:"/usr/bin/make" "cmTC_314dc/fast"
make[1]: Entering directory '/home/espandis/Projects/friendup/libs-ext/libwebsockets/CMakeFiles/CMakeTmp'
/usr/bin/make -f CMakeFiles/cmTC_314dc.dir/build.make CMakeFiles/cmTC_314dc.dir/build
make[2]: Entering directory '/home/espandis/Projects/friendup/libs-ext/libwebsockets/CMakeFiles/CMakeTmp'
Building C object CMakeFiles/cmTC_314dc.dir/CheckIncludeFile.c.o
/usr/bin/cc  -DKEYWORD=__inline   -o CMakeFiles/cmTC_314dc.dir/CheckIncludeFile.c.o   -c /home/espandis/Projects/friendup/libs-ext/libwebsockets/CMakeFiles/CMakeTmp/CheckIncludeFile.c
/home/espandis/Projects/friendup/libs-ext/libwebsockets/CMakeFiles/CMakeTmp/CheckIncludeFile.c:1:24: fatal error: sys/sockio.h: No such file or directory
compilation terminated.
CMakeFiles/cmTC_314dc.dir/build.make:65: recipe for target 'CMakeFiles/cmTC_314dc.dir/CheckIncludeFile.c.o' failed
make[2]: *** [CMakeFiles/cmTC_314dc.dir/CheckIncludeFile.c.o] Error 1
make[2]: Leaving directory '/home/espandis/Projects/friendup/libs-ext/libwebsockets/CMakeFiles/CMakeTmp'
Makefile:126: recipe for target 'cmTC_314dc/fast' failed
make[1]: *** [cmTC_314dc/fast] Error 2
make[1]: Leaving directory '/home/espandis/Projects/friendup/libs-ext/libwebsockets/CMakeFiles/CMakeTmp'


Determining if the include file vfork.h exists failed with the following output:
Change Dir: /home/espandis/Projects/friendup/libs-ext/libwebsockets/CMakeFiles/CMakeTmp

Run Build Command:"/usr/bin/make" "cmTC_b181f/fast"
make[1]: Entering directory '/home/espandis/Projects/friendup/libs-ext/libwebsockets/CMakeFiles/CMakeTmp'
/usr/bin/make -f CMakeFiles/cmTC_b181f.dir/build.make CMakeFiles/cmTC_b181f.dir/build
make[2]: Entering directory '/home/espandis/Projects/friendup/libs-ext/libwebsockets/CMakeFiles/CMakeTmp'
Building C object CMakeFiles/cmTC_b181f.dir/CheckIncludeFile.c.o
/usr/bin/cc  -DKEYWORD=__inline   -o CMakeFiles/cmTC_b181f.dir/CheckIncludeFile.c.o   -c /home/espandis/Projects/friendup/libs-ext/libwebsockets/CMakeFiles/CMakeTmp/CheckIncludeFile.c
/home/espandis/Projects/friendup/libs-ext/libwebsockets/CMakeFiles/CMakeTmp/CheckIncludeFile.c:1:19: fatal error: vfork.h: No such file or directory
compilation terminated.
CMakeFiles/cmTC_b181f.dir/build.make:65: recipe for target 'CMakeFiles/cmTC_b181f.dir/CheckIncludeFile.c.o' failed
make[2]: *** [CMakeFiles/cmTC_b181f.dir/CheckIncludeFile.c.o] Error 1
make[2]: Leaving directory '/home/espandis/Projects/friendup/libs-ext/libwebsockets/CMakeFiles/CMakeTmp'
Makefile:126: recipe for target 'cmTC_b181f/fast' failed
make[1]: *** [cmTC_b181f/fast] Error 2
make[1]: Leaving directory '/home/espandis/Projects/friendup/libs-ext/libwebsockets/CMakeFiles/CMakeTmp'


